<?xml version="1.0" encoding="UTF-8"?>
<testng-results skipped="0" failed="0" ignored="0" total="1" passed="1">
  <reporter-output>
  </reporter-output>
  <suite name="Default suite" duration-ms="28" started-at="2017-11-16T20:09:38Z" finished-at="2017-11-16T20:09:38Z">
    <groups>
    </groups>
    <test name="Default test" duration-ms="28" started-at="2017-11-16T20:09:38Z" finished-at="2017-11-16T20:09:38Z">
      <class name="com.rest.MevanDemo.AppTest">
        <test-method status="PASS" signature="test()[pri:0, instance:com.rest.MevanDemo.AppTest@3a82f6ef]" name="test" duration-ms="10" started-at="2017-11-16T12:09:38Z" finished-at="2017-11-16T12:09:38Z">
          <reporter-output>
          </reporter-output>
        </test-method> <!-- test -->
      </class> <!-- com.rest.MevanDemo.AppTest -->
    </test> <!-- Default test -->
  </suite> <!-- Default suite -->
</testng-results>
